Determining if the pthread_create exist failed with the following output:
Change Dir: /home/isabella/catkin_ws/build/CMakeFiles/CMakeTmp

Run Build Command:"/usr/bin/make" "cmTC_64ce7/fast"
/usr/bin/make -f CMakeFiles/cmTC_64ce7.dir/build.make CMakeFiles/cmTC_64ce7.dir/build
make[1]: Entering directory '/home/isabella/catkin_ws/build/CMakeFiles/CMakeTmp'
Building C object CMakeFiles/cmTC_64ce7.dir/CheckSymbolExists.c.o
/usr/bin/cc     -o CMakeFiles/cmTC_64ce7.dir/CheckSymbolExists.c.o   -c /home/isabella/catkin_ws/build/CMakeFiles/CMakeTmp/CheckSymbolExists.c
Linking C executable cmTC_64ce7
/usr/bin/cmake -E cmake_link_script CMakeFiles/cmTC_64ce7.dir/link.txt --verbose=1
/usr/bin/cc       CMakeFiles/cmTC_64ce7.dir/CheckSymbolExists.c.o  -o cmTC_64ce7 -rdynamic 
CMakeFiles/cmTC_64ce7.dir/CheckSymbolExists.c.o: In function `main':
CheckSymbolExists.c:(.text+0x16): undefined reference to `pthread_create'
collect2: error: ld returned 1 exit status
CMakeFiles/cmTC_64ce7.dir/build.make:97: recipe for target 'cmTC_64ce7' failed
make[1]: *** [cmTC_64ce7] Error 1
make[1]: Leaving directory '/home/isabella/catkin_ws/build/CMakeFiles/CMakeTmp'
Makefile:126: recipe for target 'cmTC_64ce7/fast' failed
make: *** [cmTC_64ce7/fast] Error 2

File /home/isabella/catkin_ws/build/CMakeFiles/CMakeTmp/CheckSymbolExists.c:
/* */
#include <pthread.h>

int main(int argc, char** argv)
{
  (void)argv;
#ifndef pthread_create
  return ((int*)(&pthread_create))[argc];
#else
  (void)argc;
  return 0;
#endif
}

Determining if the function pthread_create exists in the pthreads failed with the following output:
Change Dir: /home/isabella/catkin_ws/build/CMakeFiles/CMakeTmp

Run Build Command:"/usr/bin/make" "cmTC_61ea4/fast"
/usr/bin/make -f CMakeFiles/cmTC_61ea4.dir/build.make CMakeFiles/cmTC_61ea4.dir/build
make[1]: Entering directory '/home/isabella/catkin_ws/build/CMakeFiles/CMakeTmp'
Building C object CMakeFiles/cmTC_61ea4.dir/CheckFunctionExists.c.o
/usr/bin/cc    -DCHECK_FUNCTION_EXISTS=pthread_create   -o CMakeFiles/cmTC_61ea4.dir/CheckFunctionExists.c.o   -c /usr/share/cmake-3.5/Modules/CheckFunctionExists.c
Linking C executable cmTC_61ea4
/usr/bin/cmake -E cmake_link_script CMakeFiles/cmTC_61ea4.dir/link.txt --verbose=1
/usr/bin/cc   -DCHECK_FUNCTION_EXISTS=pthread_create    CMakeFiles/cmTC_61ea4.dir/CheckFunctionExists.c.o  -o cmTC_61ea4 -rdynamic -lpthreads 
/usr/bin/ld: cannot find -lpthreads
collect2: error: ld returned 1 exit status
CMakeFiles/cmTC_61ea4.dir/build.make:97: recipe for target 'cmTC_61ea4' failed
make[1]: *** [cmTC_61ea4] Error 1
make[1]: Leaving directory '/home/isabella/catkin_ws/build/CMakeFiles/CMakeTmp'
Makefile:126: recipe for target 'cmTC_61ea4/fast' failed
make: *** [cmTC_61ea4/fast] Error 2


